[0m00:54:29.709757 [debug] [MainThread]: Sending event: {'category': 'dbt', 'action': 'invocation', 'label': 'start', 'context': [<snowplow_tracker.self_describing_json.SelfDescribingJson object at 0x000001F9B40D23A0>, <snowplow_tracker.self_describing_json.SelfDescribingJson object at 0x000001F9AE7F1820>, <snowplow_tracker.self_describing_json.SelfDescribingJson object at 0x000001F9AE7F1940>]}


============================== 00:54:29.721879 | fd675ad0-0438-4a5b-ba38-e863d1932da3 ==============================
[0m00:54:29.721879 [info ] [MainThread]: Running with dbt=1.10.21
[0m00:54:29.723774 [debug] [MainThread]: running dbt with arguments {'fail_fast': 'False', 'debug': 'False', 'log_cache_events': 'False', 'send_anonymous_usage_stats': 'True', 'cache_selected_only': 'False', 'warn_error_options': 'WarnErrorOptionsV2(error=[], warn=[], silence=[])', 'no_print': 'None', 'invocation_command': 'dbt run --select stg_coins', 'version_check': 'True', 'empty': 'False', 'printer_width': '80', 'quiet': 'False', 'introspect': 'True', 'partial_parse': 'True', 'warn_error': 'None', 'write_json': 'True', 'log_format': 'default', 'log_path': 'logs', 'target_path': 'None', 'static_parser': 'True', 'profiles_dir': 'C:\\Users\\Fosko\\.dbt', 'use_experimental_parser': 'False', 'use_colors': 'True', 'indirect_selection': 'eager'}
[0m00:54:29.727778 [error] [MainThread]: Encountered an error:
Runtime Error
  No dbt_project.yml found at expected path C:\Users\Fosko\Documents\itc6050-project-group3\dbt_project.yml
  Verify that each entry within packages.yml (and their transitive dependencies) contains a file named dbt_project.yml
  
[0m00:54:29.731774 [debug] [MainThread]: Command `dbt run` failed at 00:54:29.730898 after 0.34 seconds
[0m00:54:29.733776 [debug] [MainThread]: Sending event: {'category': 'dbt', 'action': 'invocation', 'label': 'end', 'context': [<snowplow_tracker.self_describing_json.SelfDescribingJson object at 0x000001F9B40D23A0>, <snowplow_tracker.self_describing_json.SelfDescribingJson object at 0x000001F9AE7F1820>, <snowplow_tracker.self_describing_json.SelfDescribingJson object at 0x000001F9B53C10D0>]}
[0m00:54:29.734778 [debug] [MainThread]: Flushing usage events
[0m00:54:30.408805 [debug] [MainThread]: An error was encountered while trying to flush usage events
[0m00:55:35.479172 [debug] [MainThread]: Sending event: {'category': 'dbt', 'action': 'invocation', 'label': 'start', 'context': [<snowplow_tracker.self_describing_json.SelfDescribingJson object at 0x000001D87F3A23D0>, <snowplow_tracker.self_describing_json.SelfDescribingJson object at 0x000001D800672C10>, <snowplow_tracker.self_describing_json.SelfDescribingJson object at 0x000001D879AE16D0>]}


============================== 00:55:35.489062 | 538a7196-0dd5-4e3f-861a-402dad99704a ==============================
[0m00:55:35.489062 [info ] [MainThread]: Running with dbt=1.10.21
[0m00:55:35.491065 [debug] [MainThread]: running dbt with arguments {'debug': 'False', 'fail_fast': 'False', 'log_cache_events': 'False', 'send_anonymous_usage_stats': 'True', 'warn_error_options': 'WarnErrorOptionsV2(error=[], warn=[], silence=[])', 'cache_selected_only': 'False', 'target_path': 'None', 'invocation_command': 'dbt run --select stg_coins', 'version_check': 'True', 'empty': 'False', 'printer_width': '80', 'partial_parse': 'True', 'log_path': 'logs', 'log_format': 'default', 'warn_error': 'None', 'write_json': 'True', 'quiet': 'False', 'introspect': 'True', 'no_print': 'None', 'static_parser': 'True', 'profiles_dir': 'C:\\Users\\Fosko\\.dbt', 'use_experimental_parser': 'False', 'use_colors': 'True', 'indirect_selection': 'eager'}
[0m00:55:35.493064 [error] [MainThread]: Encountered an error:
Runtime Error
  No dbt_project.yml found at expected path C:\Users\Fosko\Documents\itc6050-project-group3\dbt_project.yml
  Verify that each entry within packages.yml (and their transitive dependencies) contains a file named dbt_project.yml
  
[0m00:55:35.497072 [debug] [MainThread]: Command `dbt run` failed at 00:55:35.496070 after 0.28 seconds
[0m00:55:35.498061 [debug] [MainThread]: Sending event: {'category': 'dbt', 'action': 'invocation', 'label': 'end', 'context': [<snowplow_tracker.self_describing_json.SelfDescribingJson object at 0x000001D87F3A23D0>, <snowplow_tracker.self_describing_json.SelfDescribingJson object at 0x000001D879AE1940>, <snowplow_tracker.self_describing_json.SelfDescribingJson object at 0x000001D879AE1C70>]}
[0m00:55:35.499194 [debug] [MainThread]: Flushing usage events
[0m00:55:36.154800 [debug] [MainThread]: An error was encountered while trying to flush usage events
[0m01:03:19.663851 [debug] [MainThread]: Sending event: {'category': 'dbt', 'action': 'invocation', 'label': 'start', 'context': [<snowplow_tracker.self_describing_json.SelfDescribingJson object at 0x000001F31F5D2400>, <snowplow_tracker.self_describing_json.SelfDescribingJson object at 0x000001F319D11820>, <snowplow_tracker.self_describing_json.SelfDescribingJson object at 0x000001F319D11700>]}


============================== 01:03:19.679829 | b1ff3e76-6351-4533-b375-bf1b912b398d ==============================
[0m01:03:19.679829 [info ] [MainThread]: Running with dbt=1.10.21
[0m01:03:19.684697 [debug] [MainThread]: running dbt with arguments {'fail_fast': 'False', 'debug': 'False', 'log_cache_events': 'False', 'send_anonymous_usage_stats': 'True', 'warn_error_options': 'WarnErrorOptionsV2(error=[], warn=[], silence=[])', 'cache_selected_only': 'False', 'log_format': 'default', 'no_print': 'None', 'version_check': 'True', 'empty': 'False', 'printer_width': '80', 'partial_parse': 'True', 'introspect': 'True', 'quiet': 'False', 'warn_error': 'None', 'write_json': 'True', 'invocation_command': 'dbt run --full-refresh --select stg_coins', 'log_path': 'logs', 'target_path': 'None', 'static_parser': 'True', 'profiles_dir': 'C:\\Users\\Fosko\\.dbt', 'use_experimental_parser': 'False', 'use_colors': 'True', 'indirect_selection': 'eager'}
[0m01:03:19.688057 [error] [MainThread]: Encountered an error:
Runtime Error
  No dbt_project.yml found at expected path C:\Users\Fosko\Documents\itc6050-project-group3\dbt_project.yml
  Verify that each entry within packages.yml (and their transitive dependencies) contains a file named dbt_project.yml
  
[0m01:03:19.698109 [debug] [MainThread]: Command `dbt run` failed at 01:03:19.697107 after 0.43 seconds
[0m01:03:19.700290 [debug] [MainThread]: Sending event: {'category': 'dbt', 'action': 'invocation', 'label': 'end', 'context': [<snowplow_tracker.self_describing_json.SelfDescribingJson object at 0x000001F31F5D2400>, <snowplow_tracker.self_describing_json.SelfDescribingJson object at 0x000001F319D11820>, <snowplow_tracker.self_describing_json.SelfDescribingJson object at 0x000001F3208C1070>]}
[0m01:03:19.703771 [debug] [MainThread]: Flushing usage events
[0m01:03:20.419741 [debug] [MainThread]: An error was encountered while trying to flush usage events
[0m01:07:11.805214 [debug] [MainThread]: Sending event: {'category': 'dbt', 'action': 'invocation', 'label': 'start', 'context': [<snowplow_tracker.self_describing_json.SelfDescribingJson object at 0x000001835BB523D0>, <snowplow_tracker.self_describing_json.SelfDescribingJson object at 0x000001835CE12C10>, <snowplow_tracker.self_describing_json.SelfDescribingJson object at 0x00000183562C16D0>]}


============================== 01:07:11.817287 | 4b8805e7-62dc-4600-89cf-12d5da225cd5 ==============================
[0m01:07:11.817287 [info ] [MainThread]: Running with dbt=1.10.21
[0m01:07:11.819281 [debug] [MainThread]: running dbt with arguments {'fail_fast': 'False', 'debug': 'False', 'log_cache_events': 'False', 'send_anonymous_usage_stats': 'True', 'cache_selected_only': 'False', 'warn_error_options': 'WarnErrorOptionsV2(error=[], warn=[], silence=[])', 'log_format': 'default', 'target_path': 'None', 'version_check': 'True', 'empty': 'False', 'printer_width': '80', 'quiet': 'False', 'log_path': 'logs', 'partial_parse': 'True', 'warn_error': 'None', 'write_json': 'True', 'introspect': 'True', 'no_print': 'None', 'invocation_command': 'dbt run --select stg_coins', 'static_parser': 'True', 'profiles_dir': 'C:\\Users\\Fosko\\.dbt', 'use_experimental_parser': 'False', 'use_colors': 'True', 'indirect_selection': 'eager'}
[0m01:07:11.822570 [error] [MainThread]: Encountered an error:
Runtime Error
  No dbt_project.yml found at expected path C:\Users\Fosko\Documents\itc6050-project-group3\dbt_project.yml
  Verify that each entry within packages.yml (and their transitive dependencies) contains a file named dbt_project.yml
  
[0m01:07:11.826593 [debug] [MainThread]: Command `dbt run` failed at 01:07:11.826593 after 0.36 seconds
[0m01:07:11.828592 [debug] [MainThread]: Sending event: {'category': 'dbt', 'action': 'invocation', 'label': 'end', 'context': [<snowplow_tracker.self_describing_json.SelfDescribingJson object at 0x000001835BB523D0>, <snowplow_tracker.self_describing_json.SelfDescribingJson object at 0x00000183562C1940>, <snowplow_tracker.self_describing_json.SelfDescribingJson object at 0x00000183562C1C70>]}
[0m01:07:11.830590 [debug] [MainThread]: Flushing usage events
[0m01:07:12.567905 [debug] [MainThread]: An error was encountered while trying to flush usage events
